INFO 2026-01-02 23:41:02,588 autoreload 2588 6044 Watching for file changes with StatReloader
WARNING 2026-01-02 23:41:07,446 log 2588 4936 Not Found: /
WARNING 2026-01-02 23:41:08,915 log 2588 4936 Not Found: /favicon.ico
WARNING 2026-01-02 23:42:35,088 log 2588 20032 Unauthorized: /api/checkout/
INFO 2026-01-03 11:16:28,175 autoreload 15260 8292 Watching for file changes with StatReloader
INFO 2026-01-03 11:18:57,423 autoreload 21352 24944 Watching for file changes with StatReloader
WARNING 2026-01-03 11:19:18,349 log 21352 3604 Not Found: /
WARNING 2026-01-03 11:19:28,021 log 21352 17592 Not Found: /favicon.ico
INFO 2026-01-03 11:25:37,330 autoreload 10812 5636 Watching for file changes with StatReloader
INFO 2026-01-03 11:26:36,379 autoreload 10812 5636 C:\Users\User\Documents\api\server\server\settings.py changed, reloading.
INFO 2026-01-03 11:27:31,740 autoreload 21360 1752 Watching for file changes with StatReloader
INFO 2026-01-03 11:28:22,987 autoreload 14608 23148 Watching for file changes with StatReloader
INFO 2026-01-03 11:30:12,093 autoreload 21360 1752 C:\Users\User\Documents\api\server\server\settings.py changed, reloading.

INFO 2026-01-03 11:30:50,221 autoreload 18336 24240 Watching for file changes with StatReloader
INFO 2026-01-03 11:31:47,799 autoreload 18336 24240 C:\Users\User\Documents\api\server\server\settings.py changed, reloading.
INFO 2026-01-03 11:32:08,871 autoreload 21636 3432 Watching for file changes with StatReloader
INFO 2026-01-03 11:33:39,465 autoreload 16272 5528 Watching for file changes with StatReloader
WARNING 2026-01-03 11:34:05,039 log 16272 20040 Not Found: /
WARNING 2026-01-03 11:34:05,986 log 16272 20040 Not Found: /favicon.ico
INFO 2026-01-03 12:18:46,319 autoreload 21636 3432 C:\Users\User\Documents\api\venv\Lib\site-packages\urllib3\poolmanager.py changed, reloading.
INFO 2026-01-03 12:19:04,452 autoreload 16416 18088 Watching for file changes with StatReloader
INFO 2026-01-03 13:07:39,964 autoreload 19700 9568 Watching for file changes with StatReloader
WARNING 2026-01-03 13:07:51,289 log 16416 10764 Not Found: /
WARNING 2026-01-03 13:07:52,162 log 16416 10764 Not Found: /favicon.ico
INFO 2026-01-03 14:06:17,906 autoreload 16416 18088 C:\Users\User\Documents\api\server\server\settings.py changed, reloading.
INFO 2026-01-03 14:06:27,168 autoreload 6528 22972 Watching for file changes with StatReloader
INFO 2026-01-03 14:12:59,107 autoreload 6528 22972 C:\Users\User\Documents\api\server\server\settings.py changed, reloading.
INFO 2026-01-03 14:13:08,056 autoreload 14920 3064 Watching for file changes with StatReloader
INFO 2026-01-03 14:13:26,137 autoreload 14920 3064 C:\Users\User\Documents\api\server\server\settings.py changed, reloading.
INFO 2026-01-03 14:13:30,646 autoreload 23556 22772 Watching for file changes with StatReloader
INFO 2026-01-03 14:35:54,909 autoreload 23556 22772 C:\Users\User\Documents\api\server\api\views.py changed, reloading.
INFO 2026-01-03 14:36:05,588 autoreload 12676 1988 Watching for file changes with StatReloader
INFO 2026-01-03 14:39:36,182 autoreload 12676 1988 C:\Users\User\Documents\api\server\server\urls.py changed, reloading.
INFO 2026-01-03 14:39:41,574 autoreload 15016 25352 Watching for file changes with StatReloader
INFO 2026-01-03 14:39:51,149 autoreload 23668 22844 Watching for file changes with StatReloader
WARNING 2026-01-03 14:39:57,047 log 15016 20688 Not Found: /
WARNING 2026-01-03 14:39:59,366 log 15016 20688 Not Found: /favicon.ico
WARNING 2026-01-03 14:40:20,453 log 15016 14876 Method Not Allowed: /api/login/
WARNING 2026-01-03 14:40:20,782 log 15016 14876 Not Found: /favicon.ico
WARNING 2026-01-03 14:40:52,285 log 15016 19964 Method Not Allowed: /api/users/register/
WARNING 2026-01-03 14:40:52,561 log 15016 19964 Not Found: /static/rest_framework/css/bootstrap.min.css
WARNING 2026-01-03 14:40:52,572 log 15016 24204 Not Found: /static/rest_framework/css/bootstrap-tweaks.css
WARNING 2026-01-03 14:40:52,579 log 15016 19964 Not Found: /static/rest_framework/css/prettify.css
WARNING 2026-01-03 14:40:52,581 log 15016 24204 Not Found: /static/rest_framework/css/default.css
WARNING 2026-01-03 14:40:52,589 log 15016 19964 Not Found: /static/rest_framework/js/jquery-3.7.1.min.js
WARNING 2026-01-03 14:40:52,592 log 15016 24204 Not Found: /static/rest_framework/js/ajax-form.js
WARNING 2026-01-03 14:40:52,599 log 15016 19964 Not Found: /static/rest_framework/js/csrf.js
WARNING 2026-01-03 14:40:52,606 log 15016 24204 Not Found: /static/rest_framework/js/bootstrap.min.js
WARNING 2026-01-03 14:40:52,609 log 15016 19964 Not Found: /static/rest_framework/js/prettify-min.js
WARNING 2026-01-03 14:40:52,617 log 15016 24204 Not Found: /static/rest_framework/js/default.js
WARNING 2026-01-03 14:40:52,619 log 15016 19964 Not Found: /static/rest_framework/js/load-ajax-form.js
WARNING 2026-01-03 14:40:52,657 log 15016 19964 Not Found: /static/rest_framework/css/bootstrap.min.css
WARNING 2026-01-03 14:40:52,658 log 15016 24204 Not Found: /static/rest_framework/css/bootstrap-tweaks.css
WARNING 2026-01-03 14:40:52,662 log 15016 19964 Not Found: /static/rest_framework/css/prettify.css
WARNING 2026-01-03 14:40:52,664 log 15016 24204 Not Found: /static/rest_framework/css/default.css
WARNING 2026-01-03 14:41:03,153 log 15016 23636 Not Found: /api/users/login/
WARNING 2026-01-03 14:41:03,170 log 15016 23636 Not Found: /static/rest_framework/css/bootstrap.min.css
WARNING 2026-01-03 14:41:03,171 log 15016 14768 Not Found: /static/rest_framework/css/bootstrap-tweaks.css
WARNING 2026-01-03 14:41:03,176 log 15016 23636 Not Found: /static/rest_framework/css/prettify.css
WARNING 2026-01-03 14:41:03,177 log 15016 14768 Not Found: /static/rest_framework/css/default.css
WARNING 2026-01-03 14:41:03,185 log 15016 23636 Not Found: /static/rest_framework/js/jquery-3.7.1.min.js
WARNING 2026-01-03 14:41:03,186 log 15016 14768 Not Found: /static/rest_framework/js/ajax-form.js
WARNING 2026-01-03 14:41:03,190 log 15016 14768 Not Found: /static/rest_framework/js/csrf.js
WARNING 2026-01-03 14:41:03,191 log 15016 23636 Not Found: /static/rest_framework/js/bootstrap.min.js
WARNING 2026-01-03 14:41:03,194 log 15016 14768 Not Found: /static/rest_framework/js/prettify-min.js
WARNING 2026-01-03 14:41:03,195 log 15016 23636 Not Found: /static/rest_framework/js/default.js
WARNING 2026-01-03 14:41:03,199 log 15016 14768 Not Found: /static/rest_framework/js/load-ajax-form.js
INFO 2026-01-03 14:45:53,896 autoreload 15016 25352 C:\Users\User\Documents\api\server\api\views.py changed, reloading.
INFO 2026-01-03 14:46:07,423 autoreload 23892 16908 Watching for file changes with StatReloader
INFO 2026-01-03 14:46:26,056 autoreload 23892 16908 C:\Users\User\Documents\api\server\api\views.py changed, reloading.
INFO 2026-01-03 14:46:30,873 autoreload 16496 9744 Watching for file changes with StatReloader
